<?xml version="1.0" encoding="UTF-8"?>
<!-- Generated by org.testng.reporters.JUnitReportReporter -->
<testsuite hostname="DESKTOP-IOAJO56" failures="0" tests="1" name="TC_buy_sell.TC2_buy_window_opening" time="43.295" errors="0" timestamp="2022-11-15T14:01:35 IST" skipped="0">
  <testcase classname="TC_buy_sell.TC2_buy_window_opening" name="verify_buywindow_opening" time="43.295"/>
  <system-out>
    <![CDATA[actual and exp share name is same
buy button is enabled]]>
  </system-out>
</testsuite> <!-- TC_buy_sell.TC2_buy_window_opening -->
